Построение начато 18.10.2023 17:44:15.
     1>Проект "D:\users\22VVV1\5\l-5\l-5\l-5.vcxproj" в узле 2 (целевые объекты build).
     1>InitializeBuildStatus:
         Создание "Debug\l-5.unsuccessfulbuild", так как было задано "AlwaysCreate".
       ClCompile:
         C:\Program Files\Microsoft Visual Studio 10.0\VC\bin\CL.exe /c /Zi /nologo /W3 /WX- /Od /Oy- /D _MBCS /Gm /EHsc /RTC1 /MDd /GS /fp:precise /Zc:wchar_t /Zc:forScope /Fo"Debug\\" /Fd"Debug\vc100.pdb" /Gd /TP /analyze- /errorReport:prompt 5.cpp
         5.cpp
     1>5.cpp(9): warning C4244: аргумент: преобразование "time_t" в "unsigned int", возможна потеря данных
       Link:
         C:\Program Files\Microsoft Visual Studio 10.0\VC\bin\link.exe /ERRORREPORT:PROMPT /OUT:"D:\users\22VVV1\5\l-5\Debug\l-5.exe" /NOLOGO kernel32.lib user32.lib gdi32.lib winspool.lib comdlg32.lib advapi32.lib shell32.lib ole32.lib oleaut32.lib uuid.lib odbc32.lib odbccp32.lib /MANIFEST /ManifestFile:"Debug\l-5.exe.intermediate.manifest" /MANIFESTUAC:"level='asInvoker' uiAccess='false'" /DEBUG /PDB:"D:\users\22VVV1\5\l-5\Debug\l-5.pdb" /TLBID:1 /DYNAMICBASE /NXCOMPAT /IMPLIB:"D:\users\22VVV1\5\l-5\Debug\l-5.lib" /MACHINE:X86 Debug\5.obj
         LINK : не найден или не выполнена сборка D:\users\22VVV1\5\l-5\Debug\l-5.exe при последней инкрементной компоновке; выполняется полная компоновка
         l-5.vcxproj -> D:\users\22VVV1\5\l-5\Debug\l-5.exe
       Manifest:
         C:\Program Files\Microsoft SDKs\Windows\v7.0A\bin\mt.exe /nologo /verbose /outputresource:"D:\users\22VVV1\5\l-5\Debug\l-5.exe;#1" /manifest "Debug\l-5.exe.intermediate.manifest"
       FinalizeBuildStatus:
         Файл "Debug\l-5.unsuccessfulbuild" удаляется.
         Обращение к "Debug\l-5.lastbuildstate".
     1>Построение проекта "D:\users\22VVV1\5\l-5\l-5\l-5.vcxproj" завершено (целевые объекты build).

Построение успешно завершено.

Затраченное время: 00:00:05.86
